16:24:30.318 [Worker-32] INFO  o.a.AndroidAnnotationProcessor:85 - Initialize AndroidAnnotations 3.0.1 with options {phase=BUILD}
16:24:30.320 [Worker-32] INFO  o.a.AndroidAnnotationProcessor:109 - Start processing for 11 annotations on 44 elements
16:24:30.336 [Worker-32] DEBUG o.a.h.AndroidManifestFinder:137 - AndroidManifest.xml file found in parent folder D:\androidWorkSpace\xuwei\xuweiApp\androidFramework: D:\androidWorkSpace\xuwei\xuweiApp\androidFramework\AndroidManifest.xml
16:24:30.338 [Worker-32] INFO  o.a.AndroidAnnotationProcessor:172 - AndroidManifest.xml found: AndroidManifest [applicationPackage=com.xuwei.app, componentQualifiedNames=[com.android.androidframework.ui.home.FramMainActivity_, com.android.androidframework.ui.member.MemberCenterActivity_, com.android.androidframework.ui.member.order.OrderActivity_, com.android.androidframework.ui.member.MyIntegrateActivity_, com.android.androidframework.ui.commodity.CommodityActivity_, com.android.androidframework.ui.commodity.CategoryActivity_, com.android.androidframework.ui.commodity.ConditionDialog_], permissionQualifiedNames=[android.permission.INTERNET, android.permission.WRITE_EXTERNAL_STORAGE, android.permission.READ_PHONE_STATE], applicationClassName=com.android.androidframework.MyApplication_, libraryProject=false, debugabble=false, minSdkVersion=8, maxSdkVersion=-1, targetSdkVersion=18]
16:24:30.338 [Worker-32] INFO  o.a.r.ProjectRClassFinder:50 - Found project R class: com.xuwei.app.R
16:24:30.343 [Worker-32] INFO  o.a.r.AndroidRClassFinder:44 - Found Android class: android.R
16:24:30.345 [Worker-32] INFO  o.a.p.ModelValidator:42 - Validating elements
16:24:30.346 [Worker-32] DEBUG o.a.p.ModelValidator:62 - Validating with EApplicationHandler: [com.android.androidframework.MyApplication]
16:24:30.346 [Worker-32] DEBUG o.a.p.ModelValidator:62 - Validating with EActivityHandler: [com.android.androidframework.ui.member.MyIntegrateActivity, com.android.androidframework.ui.member.MemberCenterActivity, com.android.androidframework.ui.commodity.CategoryActivity, com.android.androidframework.ui.member.order.OrderActivity, com.android.androidframework.ui.commodity.CommodityActivity, com.android.androidframework.ui.commodity.ConditionDialog, com.android.androidframework.MainActivity, com.android.androidframework.ui.home.FramMainActivity]
16:24:30.347 [Worker-32] WARN  o.a.h.AnnotationHelper:110 - The component MainActivity_ is not registered in the AndroidManifest.xml file.
16:24:30.347 [Worker-32] DEBUG o.a.p.ModelValidator:62 - Validating with EFragmentHandler: [com.android.androidframework.ui.home.FramThreeFragment, com.android.androidframework.ui.home.FramTwoFragment, com.android.androidframework.ui.member.order.ChildFragment, com.android.androidframework.ui.home.FramFourFragment, com.android.androidframework.ui.home.FramOneFragment]
16:24:30.348 [Worker-32] DEBUG o.a.p.ModelValidator:62 - Validating with EViewGroupHandler: [com.android.androidframework.ui.home.MainTabView]
16:24:30.348 [Worker-32] DEBUG o.a.p.ModelValidator:62 - Validating with ViewByIdHandler: [mainPager, title, progress, imageView, tabHost, rg_condition, gv, rg, badgeView, lv_condition]
16:24:30.349 [Worker-32] DEBUG o.a.p.ModelValidator:62 - Validating with ClickHandler: [void priceSort() , void sellSort() , void conditionSort() , void timeSort() ]
16:24:30.349 [Worker-32] DEBUG o.a.p.ModelValidator:62 - Validating with ExtraHandler: [json, type, category_id]
16:24:30.350 [Worker-32] DEBUG o.a.p.ModelValidator:62 - Validating with AfterInjectHandler: [void initData() , void initData() , void initData() , void initData() ]
16:24:30.350 [Worker-32] DEBUG o.a.p.ModelValidator:62 - Validating with AfterViewsHandler: [void initUI() , void initUI() , void initUI() , void initUI() , void initUi() , void initUI() ]
16:24:30.351 [Worker-32] DEBUG o.a.p.ModelValidator:62 - Validating with UiThreadHandler: [public void uit() ]
16:24:30.351 [Worker-32] DEBUG o.a.p.ModelValidator:62 - Validating with BackgroundHandler: [public void bag() ]
16:24:30.351 [Worker-32] INFO  o.a.p.ModelProcessor:73 - Processing root elements
16:24:30.351 [Worker-32] DEBUG o.a.p.ModelProcessor:80 - Processing root elements EApplicationHandler: [com.android.androidframework.MyApplication]
16:24:30.352 [Worker-32] DEBUG o.a.p.ModelProcessor:80 - Processing root elements EActivityHandler: [com.android.androidframework.ui.member.MyIntegrateActivity, com.android.androidframework.ui.member.MemberCenterActivity, com.android.androidframework.ui.commodity.CategoryActivity, com.android.androidframework.ui.member.order.OrderActivity, com.android.androidframework.ui.commodity.CommodityActivity, com.android.androidframework.ui.commodity.ConditionDialog, com.android.androidframework.MainActivity, com.android.androidframework.ui.home.FramMainActivity]
16:24:30.356 [Worker-32] DEBUG o.a.p.ModelProcessor:80 - Processing root elements EFragmentHandler: [com.android.androidframework.ui.home.FramThreeFragment, com.android.androidframework.ui.home.FramTwoFragment, com.android.androidframework.ui.member.order.ChildFragment, com.android.androidframework.ui.home.FramFourFragment, com.android.androidframework.ui.home.FramOneFragment]
16:24:30.357 [Worker-32] DEBUG o.a.p.ModelProcessor:80 - Processing root elements EViewGroupHandler: [com.android.androidframework.ui.home.MainTabView]
16:24:30.357 [Worker-32] INFO  o.a.p.ModelProcessor:104 - Processing enclosed elements
16:24:30.359 [Worker-32] INFO  o.a.AndroidAnnotationProcessor:251 - Number of files generated by AndroidAnnotations: 15
16:24:30.359 [Worker-32] INFO  o.a.g.ApiCodeGenerator:52 - Writting following API classes in project: []
16:24:30.359 [Worker-32] DEBUG o.a.g.SourceCodewriter:55 - Generating class: com.android.androidframework.ui.member.order.ChildFragment_
16:24:30.361 [Worker-32] DEBUG o.a.g.SourceCodewriter:55 - Generating class: com.android.androidframework.ui.member.order.OrderActivity_
16:24:30.363 [Worker-32] DEBUG o.a.g.SourceCodewriter:55 - Generating class: com.android.androidframework.ui.home.FramFourFragment_
16:24:30.364 [Worker-32] DEBUG o.a.g.SourceCodewriter:55 - Generating class: com.android.androidframework.ui.home.FramMainActivity_
16:24:30.366 [Worker-32] DEBUG o.a.g.SourceCodewriter:55 - Generating class: com.android.androidframework.ui.home.FramOneFragment_
16:24:30.367 [Worker-32] DEBUG o.a.g.SourceCodewriter:55 - Generating class: com.android.androidframework.ui.home.FramThreeFragment_
16:24:30.369 [Worker-32] DEBUG o.a.g.SourceCodewriter:55 - Generating class: com.android.androidframework.ui.home.FramTwoFragment_
16:24:30.370 [Worker-32] DEBUG o.a.g.SourceCodewriter:55 - Generating class: com.android.androidframework.ui.home.MainTabView_
16:24:30.371 [Worker-32] DEBUG o.a.g.SourceCodewriter:55 - Generating class: com.android.androidframework.MainActivity_
16:24:30.373 [Worker-32] DEBUG o.a.g.SourceCodewriter:55 - Generating class: com.android.androidframework.MyApplication_
16:24:30.374 [Worker-32] DEBUG o.a.g.SourceCodewriter:55 - Generating class: com.android.androidframework.ui.commodity.CategoryActivity_
16:24:30.376 [Worker-32] DEBUG o.a.g.SourceCodewriter:55 - Generating class: com.android.androidframework.ui.commodity.CommodityActivity_
16:24:30.379 [Worker-32] DEBUG o.a.g.SourceCodewriter:55 - Generating class: com.android.androidframework.ui.commodity.ConditionDialog_
16:24:30.381 [Worker-32] DEBUG o.a.g.SourceCodewriter:55 - Generating class: com.android.androidframework.ui.member.MemberCenterActivity_
16:24:30.382 [Worker-32] DEBUG o.a.g.SourceCodewriter:55 - Generating class: com.android.androidframework.ui.member.MyIntegrateActivity_
16:24:30.384 [Worker-32] INFO  o.a.p.TimeStats:81 - Time measurements: [Whole Processing = 65 ms], [Generate Sources = 25 ms], [Extract Annotations = 16 ms], [Process Annotations = 8 ms], [Find R Classes = 7 ms], [Validate Annotations = 6 ms], [Extract Manifest = 2 ms], 
16:24:30.385 [Worker-32] INFO  o.a.AndroidAnnotationProcessor:123 - Finish processing
16:24:31.982 [Worker-30] INFO  o.a.AndroidAnnotationProcessor:85 - Initialize AndroidAnnotations 3.0.1 with options {phase=BUILD}
16:24:31.983 [Worker-30] INFO  o.a.AndroidAnnotationProcessor:109 - Start processing for 11 annotations on 45 elements
16:24:31.997 [Worker-30] DEBUG o.a.h.AndroidManifestFinder:137 - AndroidManifest.xml file found in parent folder D:\androidWorkSpace\xuwei\xuweiApp\androidFramework: D:\androidWorkSpace\xuwei\xuweiApp\androidFramework\AndroidManifest.xml
16:24:31.999 [Worker-30] INFO  o.a.AndroidAnnotationProcessor:172 - AndroidManifest.xml found: AndroidManifest [applicationPackage=com.xuwei.app, componentQualifiedNames=[com.android.androidframework.ui.home.FramMainActivity_, com.android.androidframework.ui.member.MemberCenterActivity_, com.android.androidframework.ui.member.order.OrderActivity_, com.android.androidframework.ui.member.MyIntegrateActivity_, com.android.androidframework.ui.commodity.CommodityActivity_, com.android.androidframework.ui.commodity.CategoryActivity_, com.android.androidframework.ui.commodity.ConditionDialog_], permissionQualifiedNames=[android.permission.INTERNET, android.permission.WRITE_EXTERNAL_STORAGE, android.permission.READ_PHONE_STATE], applicationClassName=com.android.androidframework.MyApplication_, libraryProject=false, debugabble=false, minSdkVersion=8, maxSdkVersion=-1, targetSdkVersion=18]
16:24:31.999 [Worker-30] INFO  o.a.r.ProjectRClassFinder:50 - Found project R class: com.xuwei.app.R
16:24:32.2 [Worker-30] INFO  o.a.r.AndroidRClassFinder:44 - Found Android class: android.R
16:24:32.4 [Worker-30] INFO  o.a.p.ModelValidator:42 - Validating elements
16:24:32.4 [Worker-30] DEBUG o.a.p.ModelValidator:62 - Validating with EApplicationHandler: [com.android.androidframework.MyApplication]
16:24:32.5 [Worker-30] DEBUG o.a.p.ModelValidator:62 - Validating with EActivityHandler: [com.android.androidframework.ui.member.MyIntegrateActivity, com.android.androidframework.ui.member.MemberCenterActivity, com.android.androidframework.ui.commodity.CategoryActivity, com.android.androidframework.ui.member.order.OrderActivity, com.android.androidframework.ui.commodity.CommodityActivity, com.android.androidframework.ui.commodity.ConditionDialog, com.android.androidframework.MainActivity, com.android.androidframework.ui.home.FramMainActivity]
16:24:32.5 [Worker-30] WARN  o.a.h.AnnotationHelper:110 - The component MainActivity_ is not registered in the AndroidManifest.xml file.
16:24:32.5 [Worker-30] DEBUG o.a.p.ModelValidator:62 - Validating with EFragmentHandler: [com.android.androidframework.ui.home.FramThreeFragment, com.android.androidframework.ui.home.FramTwoFragment, com.android.androidframework.ui.member.order.ChildFragment, com.android.androidframework.ui.home.FramFourFragment, com.android.androidframework.ui.home.FramOneFragment]
16:24:32.6 [Worker-30] DEBUG o.a.p.ModelValidator:62 - Validating with EViewGroupHandler: [com.android.androidframework.ui.home.MainTabView]
16:24:32.7 [Worker-30] DEBUG o.a.p.ModelValidator:62 - Validating with ViewByIdHandler: [imageView, gv, badgeView, tabHost, lv_condition, mainPager, rg_condition, rg, progress, title]
16:24:32.7 [Worker-30] DEBUG o.a.p.ModelValidator:62 - Validating with ClickHandler: [void timeSort() , void sellSort() , void priceSort() , void conditionSort() ]
16:24:32.8 [Worker-30] DEBUG o.a.p.ModelValidator:62 - Validating with ExtraHandler: [json, category_id, type]
16:24:32.8 [Worker-30] DEBUG o.a.p.ModelValidator:62 - Validating with AfterInjectHandler: [void initData() , void initData() , void initData() , void initData() ]
16:24:32.8 [Worker-30] DEBUG o.a.p.ModelValidator:62 - Validating with AfterViewsHandler: [void initUI() , void initUI() , void initUI() , void initUI() , void initUI() , void initUi() ]
16:24:32.9 [Worker-30] DEBUG o.a.p.ModelValidator:62 - Validating with UiThreadHandler: [public void uit() ]
16:24:32.9 [Worker-30] DEBUG o.a.p.ModelValidator:62 - Validating with BackgroundHandler: [public void bag() ]
16:24:32.9 [Worker-30] INFO  o.a.p.ModelProcessor:73 - Processing root elements
16:24:32.10 [Worker-30] DEBUG o.a.p.ModelProcessor:80 - Processing root elements EApplicationHandler: [com.android.androidframework.MyApplication]
16:24:32.10 [Worker-30] DEBUG o.a.p.ModelProcessor:80 - Processing root elements EActivityHandler: [com.android.androidframework.ui.member.MyIntegrateActivity, com.android.androidframework.ui.member.MemberCenterActivity, com.android.androidframework.ui.commodity.CategoryActivity, com.android.androidframework.ui.member.order.OrderActivity, com.android.androidframework.ui.commodity.CommodityActivity, com.android.androidframework.ui.commodity.ConditionDialog, com.android.androidframework.MainActivity, com.android.androidframework.ui.home.FramMainActivity]
16:24:32.14 [Worker-30] DEBUG o.a.p.ModelProcessor:80 - Processing root elements EFragmentHandler: [com.android.androidframework.ui.home.FramThreeFragment, com.android.androidframework.ui.home.FramTwoFragment, com.android.androidframework.ui.member.order.ChildFragment, com.android.androidframework.ui.home.FramFourFragment, com.android.androidframework.ui.home.FramOneFragment]
16:24:32.15 [Worker-30] DEBUG o.a.p.ModelProcessor:80 - Processing root elements EViewGroupHandler: [com.android.androidframework.ui.home.MainTabView]
16:24:32.16 [Worker-30] INFO  o.a.p.ModelProcessor:104 - Processing enclosed elements
16:24:32.17 [Worker-30] INFO  o.a.AndroidAnnotationProcessor:251 - Number of files generated by AndroidAnnotations: 15
16:24:32.18 [Worker-30] INFO  o.a.g.ApiCodeGenerator:52 - Writting following API classes in project: []
16:24:32.18 [Worker-30] DEBUG o.a.g.SourceCodewriter:55 - Generating class: com.android.androidframework.ui.member.order.ChildFragment_
16:24:32.19 [Worker-30] DEBUG o.a.g.SourceCodewriter:55 - Generating class: com.android.androidframework.ui.member.order.OrderActivity_
16:24:32.21 [Worker-30] DEBUG o.a.g.SourceCodewriter:55 - Generating class: com.android.androidframework.ui.home.FramFourFragment_
16:24:32.22 [Worker-30] DEBUG o.a.g.SourceCodewriter:55 - Generating class: com.android.androidframework.ui.home.FramMainActivity_
16:24:32.23 [Worker-30] DEBUG o.a.g.SourceCodewriter:55 - Generating class: com.android.androidframework.ui.home.FramOneFragment_
16:24:32.24 [Worker-30] DEBUG o.a.g.SourceCodewriter:55 - Generating class: com.android.androidframework.ui.home.FramThreeFragment_
16:24:32.26 [Worker-30] DEBUG o.a.g.SourceCodewriter:55 - Generating class: com.android.androidframework.ui.home.FramTwoFragment_
16:24:32.27 [Worker-30] DEBUG o.a.g.SourceCodewriter:55 - Generating class: com.android.androidframework.ui.home.MainTabView_
16:24:32.28 [Worker-30] DEBUG o.a.g.SourceCodewriter:55 - Generating class: com.android.androidframework.MainActivity_
16:24:32.30 [Worker-30] DEBUG o.a.g.SourceCodewriter:55 - Generating class: com.android.androidframework.MyApplication_
16:24:32.31 [Worker-30] DEBUG o.a.g.SourceCodewriter:55 - Generating class: com.android.androidframework.ui.commodity.CategoryActivity_
16:24:32.32 [Worker-30] DEBUG o.a.g.SourceCodewriter:55 - Generating class: com.android.androidframework.ui.commodity.CommodityActivity_
16:24:32.34 [Worker-30] DEBUG o.a.g.SourceCodewriter:55 - Generating class: com.android.androidframework.ui.commodity.ConditionDialog_
16:24:32.35 [Worker-30] DEBUG o.a.g.SourceCodewriter:55 - Generating class: com.android.androidframework.ui.member.MemberCenterActivity_
16:24:32.36 [Worker-30] DEBUG o.a.g.SourceCodewriter:55 - Generating class: com.android.androidframework.ui.member.MyIntegrateActivity_
16:24:32.37 [Worker-30] INFO  o.a.p.TimeStats:81 - Time measurements: [Whole Processing = 54 ms], [Generate Sources = 20 ms], [Extract Annotations = 13 ms], [Process Annotations = 8 ms], [Find R Classes = 5 ms], [Validate Annotations = 5 ms], [Extract Manifest = 2 ms], 
16:24:32.38 [Worker-30] INFO  o.a.AndroidAnnotationProcessor:123 - Finish processing
16:24:33.904 [Worker-29] INFO  o.a.AndroidAnnotationProcessor:85 - Initialize AndroidAnnotations 3.0.1 with options {phase=BUILD}
16:24:33.905 [Worker-29] INFO  o.a.AndroidAnnotationProcessor:109 - Start processing for 11 annotations on 45 elements
16:24:33.925 [Worker-29] DEBUG o.a.h.AndroidManifestFinder:137 - AndroidManifest.xml file found in parent folder D:\androidWorkSpace\xuwei\xuweiApp\androidFramework: D:\androidWorkSpace\xuwei\xuweiApp\androidFramework\AndroidManifest.xml
16:24:33.927 [Worker-29] INFO  o.a.AndroidAnnotationProcessor:172 - AndroidManifest.xml found: AndroidManifest [applicationPackage=com.xuwei.app, componentQualifiedNames=[com.android.androidframework.ui.home.FramMainActivity_, com.android.androidframework.ui.member.MemberCenterActivity_, com.android.androidframework.ui.member.order.OrderActivity_, com.android.androidframework.ui.member.MyIntegrateActivity_, com.android.androidframework.ui.commodity.CommodityActivity_, com.android.androidframework.ui.commodity.CategoryActivity_, com.android.androidframework.ui.commodity.ConditionDialog_], permissionQualifiedNames=[android.permission.INTERNET, android.permission.WRITE_EXTERNAL_STORAGE, android.permission.READ_PHONE_STATE], applicationClassName=com.android.androidframework.MyApplication_, libraryProject=false, debugabble=false, minSdkVersion=8, maxSdkVersion=-1, targetSdkVersion=18]
16:24:33.927 [Worker-29] INFO  o.a.r.ProjectRClassFinder:50 - Found project R class: com.xuwei.app.R
16:24:33.931 [Worker-29] INFO  o.a.r.AndroidRClassFinder:44 - Found Android class: android.R
16:24:33.937 [Worker-29] INFO  o.a.p.ModelValidator:42 - Validating elements
16:24:33.937 [Worker-29] DEBUG o.a.p.ModelValidator:62 - Validating with EApplicationHandler: [com.android.androidframework.MyApplication]
16:24:33.937 [Worker-29] DEBUG o.a.p.ModelValidator:62 - Validating with EActivityHandler: [com.android.androidframework.ui.member.MyIntegrateActivity, com.android.androidframework.ui.member.MemberCenterActivity, com.android.androidframework.ui.commodity.CategoryActivity, com.android.androidframework.ui.member.order.OrderActivity, com.android.androidframework.ui.commodity.CommodityActivity, com.android.androidframework.ui.commodity.ConditionDialog, com.android.androidframework.MainActivity, com.android.androidframework.ui.home.FramMainActivity]
16:24:33.938 [Worker-29] WARN  o.a.h.AnnotationHelper:110 - The component MainActivity_ is not registered in the AndroidManifest.xml file.
16:24:33.938 [Worker-29] DEBUG o.a.p.ModelValidator:62 - Validating with EFragmentHandler: [com.android.androidframework.ui.home.FramThreeFragment, com.android.androidframework.ui.home.FramTwoFragment, com.android.androidframework.ui.member.order.ChildFragment, com.android.androidframework.ui.home.FramFourFragment, com.android.androidframework.ui.home.FramOneFragment]
16:24:33.939 [Worker-29] DEBUG o.a.p.ModelValidator:62 - Validating with EViewGroupHandler: [com.android.androidframework.ui.home.MainTabView]
16:24:33.940 [Worker-29] DEBUG o.a.p.ModelValidator:62 - Validating with ViewByIdHandler: [badgeView, tabHost, rg, rg_condition, progress, lv_condition, title, imageView, gv, mainPager]
16:24:33.940 [Worker-29] DEBUG o.a.p.ModelValidator:62 - Validating with ClickHandler: [void sellSort() , void priceSort() , void timeSort() , void conditionSort() ]
16:24:33.941 [Worker-29] DEBUG o.a.p.ModelValidator:62 - Validating with ExtraHandler: [type, category_id, json]
16:24:33.941 [Worker-29] DEBUG o.a.p.ModelValidator:62 - Validating with AfterInjectHandler: [void initData() , void initData() , void initData() , void initData() ]
16:24:33.942 [Worker-29] DEBUG o.a.p.ModelValidator:62 - Validating with AfterViewsHandler: [void initUI() , void initUI() , void initUI() , void initUi() , void initUI() , void initUI() ]
16:24:33.942 [Worker-29] DEBUG o.a.p.ModelValidator:62 - Validating with UiThreadHandler: [public void uit() ]
16:24:33.942 [Worker-29] DEBUG o.a.p.ModelValidator:62 - Validating with BackgroundHandler: [public void bag() ]
16:24:33.943 [Worker-29] INFO  o.a.p.ModelProcessor:73 - Processing root elements
16:24:33.943 [Worker-29] DEBUG o.a.p.ModelProcessor:80 - Processing root elements EApplicationHandler: [com.android.androidframework.MyApplication]
16:24:33.943 [Worker-29] DEBUG o.a.p.ModelProcessor:80 - Processing root elements EActivityHandler: [com.android.androidframework.ui.member.MyIntegrateActivity, com.android.androidframework.ui.member.MemberCenterActivity, com.android.androidframework.ui.commodity.CategoryActivity, com.android.androidframework.ui.member.order.OrderActivity, com.android.androidframework.ui.commodity.CommodityActivity, com.android.androidframework.ui.commodity.ConditionDialog, com.android.androidframework.MainActivity, com.android.androidframework.ui.home.FramMainActivity]
16:24:33.949 [Worker-29] DEBUG o.a.p.ModelProcessor:80 - Processing root elements EFragmentHandler: [com.android.androidframework.ui.home.FramThreeFragment, com.android.androidframework.ui.home.FramTwoFragment, com.android.androidframework.ui.member.order.ChildFragment, com.android.androidframework.ui.home.FramFourFragment, com.android.androidframework.ui.home.FramOneFragment]
16:24:33.950 [Worker-29] DEBUG o.a.p.ModelProcessor:80 - Processing root elements EViewGroupHandler: [com.android.androidframework.ui.home.MainTabView]
16:24:33.951 [Worker-29] INFO  o.a.p.ModelProcessor:104 - Processing enclosed elements
16:24:33.952 [Worker-29] INFO  o.a.AndroidAnnotationProcessor:251 - Number of files generated by AndroidAnnotations: 15
16:24:33.952 [Worker-29] INFO  o.a.g.ApiCodeGenerator:52 - Writting following API classes in project: []
16:24:33.953 [Worker-29] DEBUG o.a.g.SourceCodewriter:55 - Generating class: com.android.androidframework.ui.member.order.ChildFragment_
16:24:33.955 [Worker-29] DEBUG o.a.g.SourceCodewriter:55 - Generating class: com.android.androidframework.ui.member.order.OrderActivity_
16:24:33.958 [Worker-29] DEBUG o.a.g.SourceCodewriter:55 - Generating class: com.android.androidframework.ui.home.FramFourFragment_
16:24:33.959 [Worker-29] DEBUG o.a.g.SourceCodewriter:55 - Generating class: com.android.androidframework.ui.home.FramMainActivity_
16:24:33.961 [Worker-29] DEBUG o.a.g.SourceCodewriter:55 - Generating class: com.android.androidframework.ui.home.FramOneFragment_
16:24:33.962 [Worker-29] DEBUG o.a.g.SourceCodewriter:55 - Generating class: com.android.androidframework.ui.home.FramThreeFragment_
16:24:33.964 [Worker-29] DEBUG o.a.g.SourceCodewriter:55 - Generating class: com.android.androidframework.ui.home.FramTwoFragment_
16:24:33.965 [Worker-29] DEBUG o.a.g.SourceCodewriter:55 - Generating class: com.android.androidframework.ui.home.MainTabView_
16:24:33.966 [Worker-29] DEBUG o.a.g.SourceCodewriter:55 - Generating class: com.android.androidframework.MainActivity_
16:24:33.968 [Worker-29] DEBUG o.a.g.SourceCodewriter:55 - Generating class: com.android.androidframework.MyApplication_
16:24:33.969 [Worker-29] DEBUG o.a.g.SourceCodewriter:55 - Generating class: com.android.androidframework.ui.commodity.CategoryActivity_
16:24:33.970 [Worker-29] DEBUG o.a.g.SourceCodewriter:55 - Generating class: com.android.androidframework.ui.commodity.CommodityActivity_
16:24:33.972 [Worker-29] DEBUG o.a.g.SourceCodewriter:55 - Generating class: com.android.androidframework.ui.commodity.ConditionDialog_
16:24:33.974 [Worker-29] DEBUG o.a.g.SourceCodewriter:55 - Generating class: com.android.androidframework.ui.member.MemberCenterActivity_
16:24:33.975 [Worker-29] DEBUG o.a.g.SourceCodewriter:55 - Generating class: com.android.androidframework.ui.member.MyIntegrateActivity_
16:24:33.976 [Worker-29] INFO  o.a.p.TimeStats:81 - Time measurements: [Whole Processing = 71 ms], [Generate Sources = 24 ms], [Extract Annotations = 19 ms], [Find R Classes = 10 ms], [Process Annotations = 9 ms], [Validate Annotations = 6 ms], [Extract Manifest = 2 ms], 
16:24:33.977 [Worker-29] INFO  o.a.AndroidAnnotationProcessor:123 - Finish processing
16:24:35.42 [Worker-30] INFO  o.a.AndroidAnnotationProcessor:85 - Initialize AndroidAnnotations 3.0.1 with options {phase=BUILD}
